[08-12-2024 17:24:45] [ DEBUG ] :: Window found with title: 'UnrealWindow'
[08-12-2024 17:24:45] [ DEBUG ] :: HWnd of MainWindow: 0x1f0c4c
[08-12-2024 17:24:45] [ DEBUG ] :: Raw input registered
[08-12-2024 17:24:45] [ DEBUG ] :: Hook set to XInputGetState
[08-12-2024 17:24:45] [ DEBUG ] :: Hook set to GetMessageA
[08-12-2024 17:24:45] [ DEBUG ] :: Hook set to GetMessageW
[08-12-2024 17:24:45] [ DEBUG ] :: Hook set to PeekMessageA
[08-12-2024 17:24:45] [ DEBUG ] :: Hook set to PeekMessageW
[08-12-2024 17:24:45] [  UUU  ] :: All hooks enabled.
[08-12-2024 17:24:45] [USERMSG] :: Processing AOB blocks. This can take a while...
[08-12-2024 17:24:45] [ DEBUG ] :: Pattern for block 'AOB_ALLOWCHEATSCALL' found at address: 00007FF67B351977
[08-12-2024 17:24:45] [ DEBUG ] :: Pattern for block 'AOB_CALL_TO_STATICCONSTRUCTOBJECT_INTERNAL' found at address: 00007FF67950520D
[08-12-2024 17:24:46] [ DEBUG ] :: Pattern for block 'AOB_CAMERA_BLACKBARS_REMOVAL1' found at address: 00007FF67B34F50C
[08-12-2024 17:24:46] [ DEBUG ] :: Pattern for block 'AOB_CAMERA_BLACKBARS_REMOVAL2' found at address: 00007FF67B35084C
[08-12-2024 17:24:46] [ DEBUG ] :: Can't find pattern for block 'AOB_CAMERA_BLACKBARS_REMOVAL3'! Hook not set.
[08-12-2024 17:24:46] [ DEBUG ] :: Pattern for block 'AOB_CAMERA_LOCKED_FOV_READ' found at address: 00007FF67B35E311
[08-12-2024 17:24:46] [ DEBUG ] :: Can't find pattern for block 'AOB_CAMERA_MENU_WRITE_INTERCEPT'! Hook not set.
[08-12-2024 17:24:46] [ DEBUG ] :: Pattern for block 'AOB_CAMERA_STRUCT_INTERCEPT1' found at address: 00007FF67B34F4CA
[08-12-2024 17:24:46] [ DEBUG ] :: Pattern for block 'AOB_CAMERA_STRUCT_INTERCEPT2' found at address: 00007FF67B35080A
[08-12-2024 17:24:46] [ DEBUG ] :: Can't find pattern for block 'AOB_CAMERA_STRUCT_INTERCEPT3'! Hook not set.
[08-12-2024 17:24:46] [ DEBUG ] :: Can't find pattern for block 'AOB_CAMERA_WRITE_INTERCEPT'! Hook not set.
[08-12-2024 17:24:46] [ DEBUG ] :: Pattern for block 'AOB_ENABLE_SET_COMMAND' found at address: 00007FF67B10C8F9
[08-12-2024 17:24:46] [ DEBUG ] :: Pattern for block 'AOB_ENGINEVERSION' found at address: 00007FF6793C1E45
[08-12-2024 17:24:46] [ DEBUG ] :: Pattern for block 'AOB_GAMEVIEWPORTCLIENT_VIEWPORTCONSOLE_OFFSET' found at address: 00007FF67B523C8F
[08-12-2024 17:24:46] [ DEBUG ] :: Pattern for block 'AOB_GENGINE' found at address: 00007FF67B523C8F
[08-12-2024 17:24:46] [ DEBUG ] :: Pattern for block 'AOB_GENGINE_VIEWPORTCLIENT_OFFSET' found at address: 00007FF67B523C8F
[08-12-2024 17:24:46] [ DEBUG ] :: Pattern for block 'AOB_GET_TIMEDILATION' found at address: 00007FF67997A600
[08-12-2024 17:24:46] [ DEBUG ] :: Can't find pattern for block 'AOB_GET_TIMEDILATION_411'! Hook not set.
[08-12-2024 17:24:47] [ DEBUG ] :: Pattern for block 'AOB_INPUTSETTINGS_CONSOLEKEYS_OFFSET' found at address: 00007FF67B506EEC
[08-12-2024 17:24:47] [ DEBUG ] :: Pattern for block 'AOB_NAMESSTORE' found at address: 00007FF67A282C86
[08-12-2024 17:24:47] [ DEBUG ] :: Pattern for block 'AOB_OBJECTSSTORE' found at address: 00007FF67A3B24BC
[08-12-2024 17:24:47] [ DEBUG ] :: Pattern for block 'AOB_UWORLD_ISPAUSED' found at address: 00007FF67B1E5348
[08-12-2024 17:24:47] [ DEBUG ] :: Pattern for block 'AOB_WIDGETOPACITYSET' found at address: 00007FF67A4D4541
[08-12-2024 17:24:47] [  UUU  ] :: All critical AOB offsets found.
[08-12-2024 17:24:47] [USERMSG] :: Processing AOB blocks done.
[08-12-2024 17:24:47] [ DEBUG ] :: CurrentVersion address: 0x7ff6793c1e4b
[08-12-2024 17:24:47] [  UUU  ] :: The UUU will assume the game uses UE4 version: v4.22.00
[08-12-2024 17:24:47] [ DEBUG ] :: GEngine variable address: 0x7ff67d90f5f8
[08-12-2024 17:24:47] [ DEBUG ] :: GEngine address: 0x1e814db9070
[08-12-2024 17:24:47] [ DEBUG ] :: StaticConstructObject_Internal() address: 0x7ff67a409050
[08-12-2024 17:24:47] [ DEBUG ] :: g_GameEngine_ViewPortClientOffset: 0x750
[08-12-2024 17:24:47] [ DEBUG ] :: g_GameViewportClient_ViewportConsoleOffset: 0x40
[08-12-2024 17:24:47] [  UUU  ] :: Cheats enabled. Type EnableCheats 1 in the console to allow cheat commands through the console
[08-12-2024 17:24:47] [ DEBUG ] :: _consoleKeysOffsetInInputSettings: 0xd0
[08-12-2024 17:24:47] [ DEBUG ] :: inputSettingsObject address: 0x1e813fee860
[08-12-2024 17:24:47] [  UUU  ] :: Custom console key functionality available.
[08-12-2024 17:24:47] [USERMSG] :: Console activated. Press ~ in-game to open the console.
[08-12-2024 17:24:47] [ DEBUG ] :: g_WorldSettings_TimeDilationOffset: 0x3f8
[08-12-2024 17:24:47] [ DEBUG ] :: Hook set to address: 00007FF67997A600
[08-12-2024 17:24:47] [ DEBUG ] :: Hook set to address: 00007FF67B34F4D4
[08-12-2024 17:24:47] [ DEBUG ] :: Hook set to address: 00007FF67B350814
[08-12-2024 17:24:47] [  UUU  ] :: Waiting for camera struct interception...
[08-12-2024 17:24:47] [USERMSG] :: Camera found.
[08-12-2024 17:24:47] [ DEBUG ] :: Camera struct address: 000001E834D1C4F0
[08-12-2024 17:24:47] [ DEBUG ] :: Hook set to address: 00007FF67B34F50C
[08-12-2024 17:24:47] [ DEBUG ] :: Hook set to address: 00007FF67B35084C
[08-12-2024 17:24:47] [ DEBUG ] :: Pattern for block 'SET JMP END' found at address: 00007FF67B10C95F
